<?xml version="1.0" encoding="UTF-8"?>
<testng-results skipped="0" failed="0" total="2" passed="2">
  <reporter-output>
  </reporter-output>
  <suite name="Default suite" duration-ms="6281" started-at="2021-05-18T05:25:58Z" finished-at="2021-05-18T05:26:04Z">
    <groups>
    </groups>
    <test name="Default test" duration-ms="6281" started-at="2021-05-18T05:25:58Z" finished-at="2021-05-18T05:26:04Z">
      <class name="Test.TestAPI">
        <test-method status="PASS" signature="setup()[pri:0, instance:Test.TestAPI@6193932a]" name="setup" is-config="true" duration-ms="4098" started-at="2021-05-18T10:55:58Z" finished-at="2021-05-18T10:56:02Z">
          <reporter-output>
          </reporter-output>
        </test-method> <!-- setup -->
        <test-method status="PASS" signature="addNewCustomer()[pri:0, instance:Test.TestAPI@6193932a]" name="addNewCustomer" duration-ms="747" started-at="2021-05-18T10:56:02Z" finished-at="2021-05-18T10:56:03Z">
          <reporter-output>
          </reporter-output>
        </test-method> <!-- addNewCustomer -->
        <test-method status="PASS" signature="getAdminUserDetails()[pri:0, instance:Test.TestAPI@6193932a]" name="getAdminUserDetails" duration-ms="711" started-at="2021-05-18T10:56:03Z" finished-at="2021-05-18T10:56:03Z">
          <reporter-output>
          </reporter-output>
        </test-method> <!-- getAdminUserDetails -->
        <test-method status="PASS" signature="logout()[pri:0, instance:Test.TestAPI@6193932a]" name="logout" is-config="true" duration-ms="688" started-at="2021-05-18T10:56:03Z" finished-at="2021-05-18T10:56:04Z">
          <reporter-output>
          </reporter-output>
        </test-method> <!-- logout -->
      </class> <!-- Test.TestAPI -->
    </test> <!-- Default test -->
  </suite> <!-- Default suite -->
</testng-results>
